Thu Aug 01 15:13:39 EDT 2013 : Apache Derby Network Server - 10.9.1.0 - (1344872) started and ready to accept connections on port 1527
----------------------------------------------------------------
Thu Aug 01 15:15:16 EDT 2013:
Booting Derby version The Apache Software Foundation - Apache Derby - 10.9.1.0 - (1344872): instance a816c00e-0140-3b4c-bc9f-00007ace4455 
on database directory C:\Users\khooks\Documents\Google Drive\workspace\FieldMarshal\database\FieldMarshalDB  with class loader sun.misc.Launcher$AppClassLoader@ba679e 
Loaded from file:/C:/Program%20Files/glassfish-4.0/javadb/lib/derby.jar
java.vendor=Oracle Corporation
java.runtime.version=1.7.0_21-b11
user.dir=C:\Program Files\glassfish-4.0\javadb
derby.system.home=C:\Users\khooks\Documents\Google Drive\workspace\FieldMarshal\database
Database Class Loader started - derby.database.classpath=''
----------------------------------------------------------------
Thu Aug 01 15:15:22 EDT 2013:
Shutting down instance a816c00e-0140-3b4c-bc9f-00007ace4455 on database directory C:\Users\khooks\Documents\Google Drive\workspace\FieldMarshal\database\FieldMarshalDB with class loader sun.misc.Launcher$AppClassLoader@ba679e 
Thu Aug 01 15:15:22 EDT 2013 Thread[DRDAConnThread_3,5,main] (DATABASE = FieldMarshalDB), (DRDAID = {2}), Database 'FieldMarshalDB' shutdown.
----------------------------------------------------------------
Thu Aug 01 15:16:13 EDT 2013:
Booting Derby version The Apache Software Foundation - Apache Derby - 10.9.1.0 - (1344872): instance 45b300a8-0140-3b4c-bc9f-00007ace4455 
on database directory C:\Users\khooks\Documents\Google Drive\workspace\FieldMarshal\database\FieldMarshalDB  with class loader sun.misc.Launcher$AppClassLoader@ba679e 
Loaded from file:/C:/Program%20Files/glassfish-4.0/javadb/lib/derby.jar
java.vendor=Oracle Corporation
java.runtime.version=1.7.0_21-b11
user.dir=C:\Program Files\glassfish-4.0\javadb
derby.system.home=C:\Users\khooks\Documents\Google Drive\workspace\FieldMarshal\database
Database Class Loader started - derby.database.classpath=''
